mktextfm FreeSerif
mktextfm FreeSerif
mktextfm FreeSerif
mktextfm FreeSerif/BI
mktextfm FreeSerif
mktextfm FreeSerif/B
mktextfm FreeSerif
mktextfm FreeSerif/I
mktextfm FreeSerif
mktextfm FreeSerif
mktextfm FreeSerif
mktextfm FreeSans
mktextfm FreeSans
mktextfm FreeSans
mktextfm FreeSans/BI
mktextfm FreeSans
mktextfm FreeSans/B
mktextfm FreeSans
mktextfm FreeSans/I
mktextfm FreeSans
mktextfm FreeSans
mktextfm FreeMono
mktextfm FreeMono
mktextfm FreeMono
mktextfm FreeMono/BI
mktextfm FreeMono
mktextfm FreeMono/B
mktextfm FreeMono
mktextfm FreeMono/I
mktextfm FreeMono
mktextfm FreeMono
mktextfm FreeSerif
mktextfm FreeSerif
mktextfm FreeSerif
mktextfm FreeSerif
mktextfm FreeSerif
mktextfm FreeMono
mktextfm FreeMono
mktextfm FreeSerif
mktextfm FreeSerif
mktextfm FreeSerif
mktextfm FreeSerif
mktextfm FreeSerif
mktextfm FreeSerif
mktextfm FreeSerif
mktextfm FreeSerif
mktextfm FreeSerif
mktextfm FreeSerif/BI
mktextfm FreeSerif
mktextfm FreeSerif/B
mktextfm FreeSerif
mktextfm FreeSerif/I
mktextfm FreeSerif
mktextfm FreeSerif
mktextfm FreeSerif
mktextfm FreeSans
mktextfm FreeSans
mktextfm FreeSans
mktextfm FreeSans/BI
mktextfm FreeSans
mktextfm FreeSans/B
mktextfm FreeSans
mktextfm FreeSans/I
mktextfm FreeSans
mktextfm FreeSans
mktextfm FreeMono
mktextfm FreeMono
mktextfm FreeMono
mktextfm FreeMono/BI
mktextfm FreeMono
mktextfm FreeMono/B
mktextfm FreeMono
mktextfm FreeMono/I
mktextfm FreeMono
mktextfm FreeMono
mktextfm FreeSerif
mktextfm FreeSerif
mktextfm FreeSerif
mktextfm FreeSerif
mktextfm FreeSerif
mktextfm FreeMono
mktextfm FreeMono
mktextfm FreeSerif
mktextfm FreeSerif
mktextfm FreeSerif
mktextfm FreeSerif
mktextfm FreeSerif
mktextfm FreeSerif
mktextfm FreeSerif
mktextfm FreeSerif
mktextfm FreeSerif
mktextfm FreeSerif/BI
mktextfm FreeSerif
mktextfm FreeSerif/B
mktextfm FreeSerif
mktextfm FreeSerif/I
mktextfm FreeSerif
mktextfm FreeSerif
mktextfm FreeSerif
mktextfm FreeSans
mktextfm FreeSans
mktextfm FreeSans
mktextfm FreeSans/BI
mktextfm FreeSans
mktextfm FreeSans/B
mktextfm FreeSans
mktextfm FreeSans/I
mktextfm FreeSans
mktextfm FreeSans
mktextfm FreeMono
mktextfm FreeMono
mktextfm FreeMono
mktextfm FreeMono/BI
mktextfm FreeMono
mktextfm FreeMono/B
mktextfm FreeMono
mktextfm FreeMono/I
mktextfm FreeMono
mktextfm FreeMono
mktextfm FreeSerif
mktextfm FreeSerif
mktextfm FreeSerif
mktextfm FreeMono
mktextfm FreeMono
mktextfm FreeSerif
mktextfm FreeSerif
mktextfm FreeSerif
mktextfm FreeSerif
mktextfm FreeSerif
mktextfm FreeSerif
mktextfm FreeSerif
